# JRE version: OpenJDK Runtime Environment (11.0.10) (build 11.0.10+0-b96-7249189)
# Java VM: OpenJDK 64-Bit Server VM (11.0.10+0-b96-7249189, mixed mode, tiered, compressed oops, g1 gc, windows-amd64)
Heap:
 garbage-first heap   total 225280K, used 111832K [0x0000000080000000, 0x0000000100000000)
  region size 1024K, 28 young (28672K), 5 survivors (5120K)
 Metaspace       used 85218K, capacity 87509K, committed 87808K, reserved 1126400K
  class space    used 10930K, capacity 11772K, committed 11852K, reserved 1048576K
GC Heap History (20 events):
Event: 3.311 GC heap before
{Heap before GC invocations=9 (full 0):
 garbage-first heap   total 155648K, used 90579K [0x0000000080000000, 0x0000000100000000)
  region size 1024K, 70 young (71680K), 7 survivors (7168K)
 Metaspace       used 44266K, capacity 45393K, committed 45644K, reserved 1089536K
  class space    used 5691K, capacity 6102K, committed 6220K, reserved 1048576K
}
Event: 3.319 GC heap after
{Heap after GC invocations=10 (full 0):
 garbage-first heap   total 155648K, used 29193K [0x0000000080000000, 0x0000000100000000)
  region size 1024K, 7 young (7168K), 7 survivors (7168K)
 Metaspace       used 44266K, capacity 45393K, committed 45644K, reserved 1089536K
  class space    used 5691K, capacity 6102K, committed 6220K, reserved 1048576K
}
Event: 3.950 GC heap before
{Heap before GC invocations=10 (full 0):
 garbage-first heap   total 155648K, used 98825K [0x0000000080000000, 0x0000000100000000)
  region size 1024K, 72 young (73728K), 7 survivors (7168K)
 Metaspace       used 47848K, capacity 49216K, committed 49484K, reserved 1091584K
  class space    used 6141K, capacity 6632K, committed 6732K, reserved 1048576K
}
Event: 3.960 GC heap after
{Heap after GC invocations=11 (full 0):
 garbage-first heap   total 155648K, used 41984K [0x0000000080000000, 0x0000000100000000)
  region size 1024K, 9 young (9216K), 9 survivors (9216K)
 Metaspace       used 47848K, capacity 49216K, committed 49484K, reserved 1091584K
  class space    used 6141K, capacity 6632K, committed 6732K, reserved 1048576K
}
Event: 4.653 GC heap before
{Heap before GC invocations=11 (full 0):
 garbage-first heap   total 155648K, used 104448K [0x0000000080000000, 0x0000000100000000)
  region size 1024K, 70 young (71680K), 9 survivors (9216K)
 Metaspace       used 57211K, capacity 58714K, committed 58828K, reserved 1099776K
  class space    used 7296K, capacity 7857K, committed 7884K, reserved 1048576K
}
Event: 4.660 GC heap after
{Heap after GC invocations=12 (full 0):
 garbage-first heap   total 155648K, used 44736K [0x0000000080000000, 0x0000000100000000)
  region size 1024K, 3 young (3072K), 3 survivors (3072K)
 Metaspace       used 57211K, capacity 58714K, committed 58828K, reserved 1099776K
  class space    used 7296K, capacity 7857K, committed 7884K, reserved 1048576K
}
Event: 4.751 GC heap before
{Heap before GC invocations=12 (full 0):
 garbage-first heap   total 155648K, used 52928K [0x0000000080000000, 0x0000000100000000)
  region size 1024K, 12 young (12288K), 3 survivors (3072K)
 Metaspace       used 58515K, capacity 60098K, committed 60288K, reserved 1101824K
  class space    used 7453K, capacity 8040K, committed 8140K, reserved 1048576K
}
Event: 4.757 GC heap after
{Heap after GC invocations=13 (full 0):
 garbage-first heap   total 187392K, used 45524K [0x0000000080000000, 0x0000000100000000)
  region size 1024K, 4 young (4096K), 4 survivors (4096K)
 Metaspace       used 58515K, capacity 60098K, committed 60288K, reserved 1101824K
  class space    used 7453K, capacity 8040K, committed 8140K, reserved 1048576K
}
Event: 5.356 GC heap before
{Heap before GC invocations=14 (full 0):
 garbage-first heap   total 187392K, used 120276K [0x0000000080000000, 0x0000000100000000)
  region size 1024K, 77 young (78848K), 4 survivors (4096K)
 Metaspace       used 63442K, capacity 65149K, committed 65536K, reserved 1105920K
  class space    used 8084K, capacity 8665K, committed 8780K, reserved 1048576K
}
Event: 5.367 GC heap after
{Heap after GC invocations=15 (full 0):
 garbage-first heap   total 187392K, used 51594K [0x0000000080000000, 0x0000000100000000)
  region size 1024K, 10 young (10240K), 10 survivors (10240K)
 Metaspace       used 63442K, capacity 65149K, committed 65536K, reserved 1105920K
  class space    used 8084K, capacity 8665K, committed 8780K, reserved 1048576K
}
Event: 6.156 GC heap before
{Heap before GC invocations=16 (full 0):
 garbage-first heap   total 187392K, used 126346K [0x0000000080000000, 0x0000000100000000)
  region size 1024K, 83 young (84992K), 10 survivors (10240K)
 Metaspace       used 71837K, capacity 73623K, committed 73856K, reserved 1114112K
  class space    used 9415K, capacity 10065K, committed 10188K, reserved 1048576K
}
Event: 6.164 GC heap after
{Heap after GC invocations=17 (full 0):
 garbage-first heap   total 187392K, used 56072K [0x0000000080000000, 0x0000000100000000)
  region size 1024K, 5 young (5120K), 5 survivors (5120K)
 Metaspace       used 71837K, capacity 73623K, committed 73856K, reserved 1114112K
  class space    used 9415K, capacity 10065K, committed 10188K, reserved 1048576K
}
Event: 6.919 GC heap before
{Heap before GC invocations=17 (full 0):
 garbage-first heap   total 187392K, used 131848K [0x0000000080000000, 0x0000000100000000)
  region size 1024K, 80 young (81920K), 5 survivors (5120K)
 Metaspace       used 78372K, capacity 80647K, committed 80768K, reserved 1118208K
  class space    used 10368K, capacity 11204K, committed 11212K, reserved 1048576K
}
Event: 6.927 GC heap after
{Heap after GC invocations=18 (full 0):
 garbage-first heap   total 187392K, used 61330K [0x0000000080000000, 0x0000000100000000)
  region size 1024K, 10 young (10240K), 10 survivors (10240K)
 Metaspace       used 78372K, capacity 80647K, committed 80768K, reserved 1118208K
  class space    used 10368K, capacity 11204K, committed 11212K, reserved 1048576K
}
Event: 7.787 GC heap before
{Heap before GC invocations=18 (full 0):
 garbage-first heap   total 187392K, used 140178K [0x0000000080000000, 0x0000000100000000)
  region size 1024K, 85 young (87040K), 10 survivors (10240K)
 Metaspace       used 80482K, capacity 82763K, committed 83072K, reserved 1120256K
  class space    used 10539K, capacity 11388K, committed 11468K, reserved 1048576K
}
Event: 7.799 GC heap after
{Heap after GC invocations=19 (full 0):
 garbage-first heap   total 187392K, used 72052K [0x0000000080000000, 0x0000000100000000)
  region size 1024K, 11 young (11264K), 11 survivors (11264K)
 Metaspace       used 80482K, capacity 82763K, committed 83072K, reserved 1120256K
  class space    used 10539K, capacity 11388K, committed 11468K, reserved 1048576K
}
Event: 8.436 GC heap before
{Heap before GC invocations=19 (full 0):
 garbage-first heap   total 187392K, used 147828K [0x0000000080000000, 0x0000000100000000)
  region size 1024K, 78 young (79872K), 11 survivors (11264K)
 Metaspace       used 81155K, capacity 83444K, committed 83584K, reserved 1122304K
  class space    used 10592K, capacity 11423K, committed 11468K, reserved 1048576K
}
Event: 8.453 GC heap after
{Heap after GC invocations=20 (full 0):
 garbage-first heap   total 225280K, used 84868K [0x0000000080000000, 0x0000000100000000)
  region size 1024K, 10 young (10240K), 10 survivors (10240K)
 Metaspace       used 81155K, capacity 83444K, committed 83584K, reserved 1122304K
  class space    used 10592K, capacity 11423K, committed 11468K, reserved 1048576K
}
Event: 8.951 GC heap before
{Heap before GC invocations=20 (full 0):
 garbage-first heap   total 225280K, used 180100K [0x0000000080000000, 0x0000000100000000)
  region size 1024K, 88 young (90112K), 10 survivors (10240K)
 Metaspace       used 83352K, capacity 85620K, committed 85888K, reserved 1124352K
  class space    used 10779K, capacity 11612K, committed 11724K, reserved 1048576K
}
Event: 8.962 GC heap after
{Heap after GC invocations=21 (full 0):
 garbage-first heap   total 225280K, used 90328K [0x0000000080000000, 0x0000000100000000)
  region size 1024K, 5 young (5120K), 5 survivors (5120K)
 Metaspace       used 83352K, capacity 85620K, committed 85888K, reserved 1124352K
  class space    used 10779K, capacity 11612K, committed 11724K, reserved 1048576K
}

