# JRE version: OpenJDK Runtime Environment (11.0.10) (build 11.0.10+0-b96-7249189)
# Java VM: OpenJDK 64-Bit Server VM (11.0.10+0-b96-7249189, mixed mode, tiered, compressed oops, g1 gc, windows-amd64)
Heap:
 garbage-first heap   total 225280K, used 135168K [0x0000000080000000, 0x0000000100000000)
  region size 1024K, 35 young (35840K), 4 survivors (4096K)
 Metaspace       used 82787K, capacity 85131K, committed 85376K, reserved 1122304K
  class space    used 10758K, capacity 11600K, committed 11724K, reserved 1048576K
GC Heap History (20 events):
Event: 3.320 GC heap before
{Heap before GC invocations=9 (full 0):
 garbage-first heap   total 129024K, used 82387K [0x0000000080000000, 0x0000000100000000)
  region size 1024K, 62 young (63488K), 8 survivors (8192K)
 Metaspace       used 43875K, capacity 44933K, committed 45260K, reserved 1089536K
  class space    used 5637K, capacity 5970K, committed 6092K, reserved 1048576K
}
Event: 3.326 GC heap after
{Heap after GC invocations=10 (full 0):
 garbage-first heap   total 155648K, used 29028K [0x0000000080000000, 0x0000000100000000)
  region size 1024K, 7 young (7168K), 7 survivors (7168K)
 Metaspace       used 43875K, capacity 44933K, committed 45260K, reserved 1089536K
  class space    used 5637K, capacity 5970K, committed 6092K, reserved 1048576K
}
Event: 3.945 GC heap before
{Heap before GC invocations=10 (full 0):
 garbage-first heap   total 155648K, used 101732K [0x0000000080000000, 0x0000000100000000)
  region size 1024K, 75 young (76800K), 7 survivors (7168K)
 Metaspace       used 47694K, capacity 49005K, committed 49100K, reserved 1091584K
  class space    used 6115K, capacity 6560K, committed 6604K, reserved 1048576K
}
Event: 3.953 GC heap after
{Heap after GC invocations=11 (full 0):
 garbage-first heap   total 155648K, used 42264K [0x0000000080000000, 0x0000000100000000)
  region size 1024K, 10 young (10240K), 10 survivors (10240K)
 Metaspace       used 47694K, capacity 49005K, committed 49100K, reserved 1091584K
  class space    used 6115K, capacity 6560K, committed 6604K, reserved 1048576K
}
Event: 4.517 GC heap before
{Heap before GC invocations=11 (full 0):
 garbage-first heap   total 155648K, used 105752K [0x0000000080000000, 0x0000000100000000)
  region size 1024K, 72 young (73728K), 10 survivors (10240K)
 Metaspace       used 56415K, capacity 57891K, committed 58188K, reserved 1099776K
  class space    used 7198K, capacity 7709K, committed 7756K, reserved 1048576K
}
Event: 4.524 GC heap after
{Heap after GC invocations=12 (full 0):
 garbage-first heap   total 155648K, used 45149K [0x0000000080000000, 0x0000000100000000)
  region size 1024K, 3 young (3072K), 3 survivors (3072K)
 Metaspace       used 56415K, capacity 57891K, committed 58188K, reserved 1099776K
  class space    used 7198K, capacity 7709K, committed 7756K, reserved 1048576K
}
Event: 4.627 GC heap before
{Heap before GC invocations=12 (full 0):
 garbage-first heap   total 155648K, used 54365K [0x0000000080000000, 0x0000000100000000)
  region size 1024K, 13 young (13312K), 3 survivors (3072K)
 Metaspace       used 58542K, capacity 60115K, committed 60288K, reserved 1101824K
  class space    used 7451K, capacity 8045K, committed 8140K, reserved 1048576K
}
Event: 4.631 GC heap after
{Heap after GC invocations=13 (full 0):
 garbage-first heap   total 155648K, used 46015K [0x0000000080000000, 0x0000000100000000)
  region size 1024K, 4 young (4096K), 4 survivors (4096K)
 Metaspace       used 58542K, capacity 60115K, committed 60288K, reserved 1101824K
  class space    used 7451K, capacity 8045K, committed 8140K, reserved 1048576K
}
Event: 5.203 GC heap before
{Heap before GC invocations=14 (full 0):
 garbage-first heap   total 155648K, used 108479K [0x0000000080000000, 0x0000000100000000)
  region size 1024K, 65 young (66560K), 4 survivors (4096K)
 Metaspace       used 63161K, capacity 64730K, committed 65024K, reserved 1105920K
  class space    used 8047K, capacity 8631K, committed 8780K, reserved 1048576K
}
Event: 5.216 GC heap after
{Heap after GC invocations=15 (full 0):
 garbage-first heap   total 155648K, used 51105K [0x0000000080000000, 0x0000000100000000)
  region size 1024K, 9 young (9216K), 9 survivors (9216K)
 Metaspace       used 63161K, capacity 64730K, committed 65024K, reserved 1105920K
  class space    used 8047K, capacity 8631K, committed 8780K, reserved 1048576K
}
Event: 5.801 GC heap before
{Heap before GC invocations=16 (full 0):
 garbage-first heap   total 155648K, used 112545K [0x0000000080000000, 0x0000000100000000)
  region size 1024K, 69 young (70656K), 9 survivors (9216K)
 Metaspace       used 69100K, capacity 70751K, committed 71040K, reserved 1110016K
  class space    used 8982K, capacity 9583K, committed 9676K, reserved 1048576K
}
Event: 5.810 GC heap after
{Heap after GC invocations=17 (full 0):
 garbage-first heap   total 187392K, used 55436K [0x0000000080000000, 0x0000000100000000)
  region size 1024K, 5 young (5120K), 5 survivors (5120K)
 Metaspace       used 69100K, capacity 70751K, committed 71040K, reserved 1110016K
  class space    used 8982K, capacity 9583K, committed 9676K, reserved 1048576K
}
Event: 6.703 GC heap before
{Heap before GC invocations=17 (full 0):
 garbage-first heap   total 187392K, used 132236K [0x0000000080000000, 0x0000000100000000)
  region size 1024K, 80 young (81920K), 5 survivors (5120K)
 Metaspace       used 77007K, capacity 78955K, committed 79104K, reserved 1118208K
  class space    used 10110K, capacity 10788K, committed 10828K, reserved 1048576K
}
Event: 6.710 GC heap after
{Heap after GC invocations=18 (full 0):
 garbage-first heap   total 187392K, used 59593K [0x0000000080000000, 0x0000000100000000)
  region size 1024K, 9 young (9216K), 9 survivors (9216K)
 Metaspace       used 77007K, capacity 78955K, committed 79104K, reserved 1118208K
  class space    used 10110K, capacity 10788K, committed 10828K, reserved 1048576K
}
Event: 7.600 GC heap before
{Heap before GC invocations=18 (full 0):
 garbage-first heap   total 187392K, used 137417K [0x0000000080000000, 0x0000000100000000)
  region size 1024K, 86 young (88064K), 9 survivors (9216K)
 Metaspace       used 80430K, capacity 82722K, committed 82816K, reserved 1120256K
  class space    used 10565K, capacity 11440K, committed 11468K, reserved 1048576K
}
Event: 7.612 GC heap after
{Heap after GC invocations=19 (full 0):
 garbage-first heap   total 187392K, used 64736K [0x0000000080000000, 0x0000000100000000)
  region size 1024K, 10 young (10240K), 10 survivors (10240K)
 Metaspace       used 80430K, capacity 82722K, committed 82816K, reserved 1120256K
  class space    used 10565K, capacity 11440K, committed 11468K, reserved 1048576K
}
Event: 8.477 GC heap before
{Heap before GC invocations=19 (full 0):
 garbage-first heap   total 187392K, used 152800K [0x0000000080000000, 0x0000000100000000)
  region size 1024K, 86 young (88064K), 10 survivors (10240K)
 Metaspace       used 81172K, capacity 83527K, committed 83712K, reserved 1122304K
  class space    used 10611K, capacity 11474K, committed 11596K, reserved 1048576K
}
Event: 8.494 GC heap after
{Heap after GC invocations=20 (full 0):
 garbage-first heap   total 187392K, used 84599K [0x0000000080000000, 0x0000000100000000)
  region size 1024K, 11 young (11264K), 11 survivors (11264K)
 Metaspace       used 81172K, capacity 83527K, committed 83712K, reserved 1122304K
  class space    used 10611K, capacity 11474K, committed 11596K, reserved 1048576K
}
Event: 8.775 GC heap before
{Heap before GC invocations=20 (full 0):
 garbage-first heap   total 187392K, used 143991K [0x0000000080000000, 0x0000000100000000)
  region size 1024K, 69 young (70656K), 11 survivors (11264K)
 Metaspace       used 81264K, capacity 83601K, committed 83968K, reserved 1122304K
  class space    used 10621K, capacity 11477K, committed 11596K, reserved 1048576K
}
Event: 8.785 GC heap after
{Heap after GC invocations=21 (full 0):
 garbage-first heap   total 225280K, used 90112K [0x0000000080000000, 0x0000000100000000)
  region size 1024K, 4 young (4096K), 4 survivors (4096K)
 Metaspace       used 81264K, capacity 83601K, committed 83968K, reserved 1122304K
  class space    used 10621K, capacity 11477K, committed 11596K, reserved 1048576K
}

