# JRE version: OpenJDK Runtime Environment (11.0.10) (build 11.0.10+0-b96-7249189)
# Java VM: OpenJDK 64-Bit Server VM (11.0.10+0-b96-7249189, mixed mode, tiered, compressed oops, g1 gc, windows-amd64)
Heap:
 garbage-first heap   total 187392K, used 86947K [0x0000000080000000, 0x0000000100000000)
  region size 1024K, 3 young (3072K), 3 survivors (3072K)
 Metaspace       used 81662K, capacity 83909K, committed 84300K, reserved 1122304K
  class space    used 10662K, capacity 11488K, committed 11596K, reserved 1048576K
GC Heap History (20 events):
Event: 3.774 GC heap after
{Heap after GC invocations=8 (full 0):
 garbage-first heap   total 129024K, used 27127K [0x0000000080000000, 0x0000000100000000)
  region size 1024K, 9 young (9216K), 9 survivors (9216K)
 Metaspace       used 39525K, capacity 40430K, committed 40524K, reserved 1085440K
  class space    used 5062K, capacity 5390K, committed 5452K, reserved 1048576K
}
Event: 4.321 GC heap before
{Heap before GC invocations=8 (full 0):
 garbage-first heap   total 129024K, used 89591K [0x0000000080000000, 0x0000000100000000)
  region size 1024K, 69 young (70656K), 9 survivors (9216K)
 Metaspace       used 45132K, capacity 46238K, committed 46412K, reserved 1089536K
  class space    used 5808K, capacity 6192K, committed 6220K, reserved 1048576K
}
Event: 4.330 GC heap after
{Heap after GC invocations=9 (full 0):
 garbage-first heap   total 155648K, used 28997K [0x0000000080000000, 0x0000000100000000)
  region size 1024K, 3 young (3072K), 3 survivors (3072K)
 Metaspace       used 45132K, capacity 46238K, committed 46412K, reserved 1089536K
  class space    used 5808K, capacity 6192K, committed 6220K, reserved 1048576K
}
Event: 5.265 GC heap before
{Heap before GC invocations=9 (full 0):
 garbage-first heap   total 155648K, used 106821K [0x0000000080000000, 0x0000000100000000)
  region size 1024K, 76 young (77824K), 3 survivors (3072K)
 Metaspace       used 50006K, capacity 51391K, committed 51532K, reserved 1093632K
  class space    used 6395K, capacity 6891K, committed 6988K, reserved 1048576K
}
Event: 5.271 GC heap after
{Heap after GC invocations=10 (full 0):
 garbage-first heap   total 155648K, used 42346K [0x0000000080000000, 0x0000000100000000)
  region size 1024K, 10 young (10240K), 10 survivors (10240K)
 Metaspace       used 50006K, capacity 51391K, committed 51532K, reserved 1093632K
  class space    used 6395K, capacity 6891K, committed 6988K, reserved 1048576K
}
Event: 5.974 GC heap before
{Heap before GC invocations=10 (full 0):
 garbage-first heap   total 155648K, used 95594K [0x0000000080000000, 0x0000000100000000)
  region size 1024K, 63 young (64512K), 10 survivors (10240K)
 Metaspace       used 58375K, capacity 59971K, committed 60236K, reserved 1101824K
  class space    used 7428K, capacity 7998K, committed 8012K, reserved 1048576K
}
Event: 5.987 GC heap after
{Heap after GC invocations=11 (full 0):
 garbage-first heap   total 155648K, used 45993K [0x0000000080000000, 0x0000000100000000)
  region size 1024K, 4 young (4096K), 4 survivors (4096K)
 Metaspace       used 58375K, capacity 59971K, committed 60236K, reserved 1101824K
  class space    used 7428K, capacity 7998K, committed 8012K, reserved 1048576K
}
Event: 6.591 GC heap before
{Heap before GC invocations=12 (full 0):
 garbage-first heap   total 155648K, used 108457K [0x0000000080000000, 0x0000000100000000)
  region size 1024K, 65 young (66560K), 4 survivors (4096K)
 Metaspace       used 63254K, capacity 64969K, committed 65100K, reserved 1105920K
  class space    used 8069K, capacity 8669K, committed 8780K, reserved 1048576K
}
Event: 6.597 GC heap after
{Heap after GC invocations=13 (full 0):
 garbage-first heap   total 155648K, used 50855K [0x0000000080000000, 0x0000000100000000)
  region size 1024K, 8 young (8192K), 8 survivors (8192K)
 Metaspace       used 63254K, capacity 64969K, committed 65100K, reserved 1105920K
  class space    used 8069K, capacity 8669K, committed 8780K, reserved 1048576K
}
Event: 7.266 GC heap before
{Heap before GC invocations=13 (full 0):
 garbage-first heap   total 155648K, used 113319K [0x0000000080000000, 0x0000000100000000)
  region size 1024K, 69 young (70656K), 8 survivors (8192K)
 Metaspace       used 69267K, capacity 70954K, committed 71116K, reserved 1110016K
  class space    used 9011K, capacity 9651K, committed 9676K, reserved 1048576K
}
Event: 7.273 GC heap after
{Heap after GC invocations=14 (full 0):
 garbage-first heap   total 155648K, used 55151K [0x0000000080000000, 0x0000000100000000)
  region size 1024K, 5 young (5120K), 5 survivors (5120K)
 Metaspace       used 69267K, capacity 70954K, committed 71116K, reserved 1110016K
  class space    used 9011K, capacity 9651K, committed 9676K, reserved 1048576K
}
Event: 8.036 GC heap before
{Heap before GC invocations=14 (full 0):
 garbage-first heap   total 155648K, used 116591K [0x0000000080000000, 0x0000000100000000)
  region size 1024K, 65 young (66560K), 5 survivors (5120K)
 Metaspace       used 75765K, capacity 77599K, committed 77644K, reserved 1116160K
  class space    used 9897K, capacity 10543K, committed 10572K, reserved 1048576K
}
Event: 8.043 GC heap after
{Heap after GC invocations=15 (full 0):
 garbage-first heap   total 155648K, used 59029K [0x0000000080000000, 0x0000000100000000)
  region size 1024K, 9 young (9216K), 9 survivors (9216K)
 Metaspace       used 75765K, capacity 77599K, committed 77644K, reserved 1116160K
  class space    used 9897K, capacity 10543K, committed 10572K, reserved 1048576K
}
Event: 8.728 GC heap before
{Heap before GC invocations=15 (full 0):
 garbage-first heap   total 155648K, used 118421K [0x0000000080000000, 0x0000000100000000)
  region size 1024K, 68 young (69632K), 9 survivors (9216K)
 Metaspace       used 79707K, capacity 82035K, committed 82380K, reserved 1120256K
  class space    used 10511K, capacity 11366K, committed 11468K, reserved 1048576K
}
Event: 8.735 GC heap after
{Heap after GC invocations=16 (full 0):
 garbage-first heap   total 155648K, used 62715K [0x0000000080000000, 0x0000000100000000)
  region size 1024K, 8 young (8192K), 8 survivors (8192K)
 Metaspace       used 79707K, capacity 82035K, committed 82380K, reserved 1120256K
  class space    used 10511K, capacity 11366K, committed 11468K, reserved 1048576K
}
Event: 9.522 GC heap before
{Heap before GC invocations=16 (full 0):
 garbage-first heap   total 155648K, used 122107K [0x0000000080000000, 0x0000000100000000)
  region size 1024K, 66 young (67584K), 8 survivors (8192K)
 Metaspace       used 81122K, capacity 83469K, committed 83788K, reserved 1122304K
  class space    used 10635K, capacity 11491K, committed 11596K, reserved 1048576K
}
Event: 9.533 GC heap after
{Heap after GC invocations=17 (full 0):
 garbage-first heap   total 155648K, used 72443K [0x0000000080000000, 0x0000000100000000)
  region size 1024K, 9 young (9216K), 9 survivors (9216K)
 Metaspace       used 81122K, capacity 83469K, committed 83788K, reserved 1122304K
  class space    used 10635K, capacity 11491K, committed 11596K, reserved 1048576K
}
Event: 9.942 GC heap before
{Heap before GC invocations=17 (full 0):
 garbage-first heap   total 155648K, used 113403K [0x0000000080000000, 0x0000000100000000)
  region size 1024K, 45 young (46080K), 9 survivors (9216K)
 Metaspace       used 81570K, capacity 83858K, committed 84044K, reserved 1122304K
  class space    used 10668K, capacity 11493K, committed 11596K, reserved 1048576K
}
Event: 9.975 GC heap after
{Heap after GC invocations=18 (full 0):
 garbage-first heap   total 155648K, used 84992K [0x0000000080000000, 0x0000000100000000)
  region size 1024K, 8 young (8192K), 8 survivors (8192K)
 Metaspace       used 81570K, capacity 83858K, committed 84044K, reserved 1122304K
  class space    used 10668K, capacity 11493K, committed 11596K, reserved 1048576K
}
Event: 10.392 GC heap before
{Heap before GC invocations=19 (full 0):
 garbage-first heap   total 155648K, used 124928K [0x0000000080000000, 0x0000000100000000)
  region size 1024K, 43 young (44032K), 8 survivors (8192K)
 Metaspace       used 81662K, capacity 83909K, committed 84300K, reserved 1122304K
  class space    used 10662K, capacity 11488K, committed 11596K, reserved 1048576K
}

